<?xml version="1.0" encoding="UTF-8"?>
<!-- Generated by org.testng.reporters.JUnitReportReporter -->
<testsuite hostname="DESKTOP-GJ5PTSI" name="com.touchtunes.tests.VerifyGoogleSearch" tests="1" failures="0" timestamp="5 Jun 2019 22:18:25 GMT" time="2.748" errors="0">
  <testcase name="verifyValidGoogleSearchResult" time="2.748" classname="com.touchtunes.tests.VerifyGoogleSearch"/>
</testsuite> <!-- com.touchtunes.tests.VerifyGoogleSearch -->
