<?xml version="1.0" encoding="UTF-8"?>
<!-- Generated by org.testng.reporters.JUnitReportReporter -->
<testsuite hostname="DESKTOP-GJ5PTSI" name="com.touchtunes.tests.PressSmokeTests" tests="2" failures="0" timestamp="6 Jun 2019 20:20:07 GMT" time="13.352" errors="0">
  <testcase name="GetAllLinksContainsTouchTunesAndWriteToFile" time="6.992" classname="com.touchtunes.tests.PressSmokeTests"/>
  <testcase name="VerifyPressLinksAndPrintBrokenLinks" time="6.360" classname="com.touchtunes.tests.PressSmokeTests"/>
</testsuite> <!-- com.touchtunes.tests.PressSmokeTests -->
